0 info it worked if it ends with ok
1 verbose cli [ '/usr/local/bin/node', '/usr/local/bin/npm', 'run', 'runbuild' ]
2 info using npm@3.9.5
3 info using node@v6.2.2
4 verbose run-script [ 'prerunbuild', 'runbuild', 'postrunbuild' ]
5 info lifecycle twilio-sms-app@0.1.0~prerunbuild: twilio-sms-app@0.1.0
6 silly lifecycle twilio-sms-app@0.1.0~prerunbuild: no script for prerunbuild, continuing
7 info lifecycle twilio-sms-app@0.1.0~runbuild: twilio-sms-app@0.1.0
8 verbose lifecycle twilio-sms-app@0.1.0~runbuild: unsafe-perm in lifecycle true
9 verbose lifecycle twilio-sms-app@0.1.0~runbuild: PATH: /usr/local/lib/node_modules/npm/bin/node-gyp-bin:/var/www/html/Experiment/twilioSms/withReact/node_modules/.bin:/usr/local/bin:/usr/local/sbin:/usr/local/bin:/usr/sbin:/usr/bin:/sbin:/bin:/usr/games:/usr/local/games
10 verbose lifecycle twilio-sms-app@0.1.0~runbuild: CWD: /var/www/html/Experiment/twilioSms/withReact
11 silly lifecycle twilio-sms-app@0.1.0~runbuild: Args: [ '-c', 'set NODE_ENV=production && node server' ]
12 silly lifecycle twilio-sms-app@0.1.0~runbuild: Returned: code: 1  signal: null
13 info lifecycle twilio-sms-app@0.1.0~runbuild: Failed to exec runbuild script
14 verbose stack Error: twilio-sms-app@0.1.0 runbuild: `set NODE_ENV=production && node server`
14 verbose stack Exit status 1
14 verbose stack     at EventEmitter.<anonymous> (/usr/local/lib/node_modules/npm/lib/utils/lifecycle.js:245:16)
14 verbose stack     at emitTwo (events.js:106:13)
14 verbose stack     at EventEmitter.emit (events.js:191:7)
14 verbose stack     at ChildProcess.<anonymous> (/usr/local/lib/node_modules/npm/lib/utils/spawn.js:24:14)
14 verbose stack     at emitTwo (events.js:106:13)
14 verbose stack     at ChildProcess.emit (events.js:191:7)
14 verbose stack     at maybeClose (internal/child_process.js:852:16)
14 verbose stack     at Process.ChildProcess._handle.onexit (internal/child_process.js:215:5)
15 verbose pkgid twilio-sms-app@0.1.0
16 verbose cwd /var/www/html/Experiment/twilioSms/withReact
17 error Linux 3.13.0-88-generic
18 error argv "/usr/local/bin/node" "/usr/local/bin/npm" "run" "runbuild"
19 error node v6.2.2
20 error npm  v3.9.5
21 error code ELIFECYCLE
22 error twilio-sms-app@0.1.0 runbuild: `set NODE_ENV=production && node server`
22 error Exit status 1
23 error Failed at the twilio-sms-app@0.1.0 runbuild script 'set NODE_ENV=production && node server'.
23 error Make sure you have the latest version of node.js and npm installed.
23 error If you do, this is most likely a problem with the twilio-sms-app package,
23 error not with npm itself.
23 error Tell the author that this fails on your system:
23 error     set NODE_ENV=production && node server
23 error You can get information on how to open an issue for this project with:
23 error     npm bugs twilio-sms-app
23 error Or if that isn't available, you can get their info via:
23 error     npm owner ls twilio-sms-app
23 error There is likely additional logging output above.
24 verbose exit [ 1, true ]
